<?xml version="1.0" encoding="UTF-8"?>
<!-- Generated by org.testng.reporters.JUnitXMLReporter -->
<testsuite ignored="0" hostname="ZSCHN01LP0340" failures="1" tests="1" name="Command line test e689d057-aa32-433e-9253-b4ac277a3efb" time="14.502" errors="0" timestamp="2022-12-21T10:29:21 IST">
  <testcase classname="Pages.webAction" name="@AfterClass logoutFromApplication" time="2.099">
    <failure type="java.lang.Error" message="Unresolved compilation problem: 
	The constructor WebDriverWait(WebDriver, int) is undefined
">
      <![CDATA[java.lang.Error: Unresolved compilation problem: 
The constructor WebDriverWait(WebDriver, int) is undefined

at Pages.webAction.element(webAction.java:298)
at Pages.webAction.logoutFromApplication(webAction.java:161)
at java.base/java.util.ArrayList.forEach(ArrayList.java:1511)
at Test.TestNGXML.xml(TestNGXML.java:121)
at Test.TestNGXML.main(TestNGXML.java:126)
... Removed 22 stack frames]]>
    </failure>
  </testcase> <!-- @AfterClass logoutFromApplication -->
  <testcase classname="Test.LoginTest" name="loginTest" time="3.193">
    <failure type="java.lang.Error" message="Unresolved compilation problem: 
	The constructor WebDriverWait(WebDriver, int) is undefined
">
      <![CDATA[java.lang.Error: Unresolved compilation problem: 
The constructor WebDriverWait(WebDriver, int) is undefined

at Pages.webAction.element(webAction.java:298)
at Pages.webAction.loginToApplication(webAction.java:408)
at Test.LoginTest.loginTest(LoginTest.java:21)
at java.base/java.util.ArrayList.forEach(ArrayList.java:1511)
at Test.TestNGXML.xml(TestNGXML.java:121)
at Test.TestNGXML.main(TestNGXML.java:126)
... Removed 24 stack frames]]>
    </failure>
  </testcase> <!-- loginTest -->
</testsuite> <!-- Command line test e689d057-aa32-433e-9253-b4ac277a3efb -->
