<?xml version="1.0" encoding="UTF-8"?>
<!-- Generated by org.testng.reporters.JUnitXMLReporter -->
<testsuite ignored="0" hostname="ZSCHN01LP0295" failures="1" tests="1" name="Command line test 2021ef42-8883-4f97-b486-dad98b230aa1" time="34.188" errors="0" timestamp="2022-11-10T08:20:05 IST">
  <testcase classname="Test.leaveTest" name="applyleave" time="20.367">
    <failure type="java.lang.AssertionError" message="Unable to locate the element">
      <![CDATA[java.lang.AssertionError: Unable to locate the element
at Pages.webAction.element(webAction.java:314)
at Pages.LeavePage.sameDayLeave(LeavePage.java:51)
at Pages.LeavePage.applLeave(LeavePage.java:79)
at Test.leaveTest.applyleave(leaveTest.java:15)
at java.base/java.util.ArrayList.forEach(ArrayList.java:1511)
at Test.TestNGXML.xml(TestNGXML.java:121)
at Test.TestNGXML.main(TestNGXML.java:126)
... Removed 25 stack frames]]>
    </failure>
  </testcase> <!-- applyleave -->
</testsuite> <!-- Command line test 2021ef42-8883-4f97-b486-dad98b230aa1 -->
