<?xml version="1.0" encoding="UTF-8"?>
<!-- Generated by org.testng.reporters.JUnitXMLReporter -->
<testsuite ignored="0" hostname="ZSCHN01LP0295" failures="1" tests="1" name="Command line test c667258c-ecbb-48d8-a50f-867b6a65ad05" time="41.327" errors="0" timestamp="2022-11-15T13:15:52 IST">
  <testcase classname="Test.leaveTest" name="applyleave" time="23.707">
    <failure type="java.lang.AssertionError" message="Unable to locate the element">
      <![CDATA[java.lang.AssertionError: Unable to locate the element
at Pages.webAction.element(webAction.java:327)
at Pages.leavepagee.applyLeave(leavepagee.java:40)
at Test.leaveTest.applyleave(leaveTest.java:16)
at java.base/java.util.ArrayList.forEach(ArrayList.java:1511)
at Test.TestNGXML.xml(TestNGXML.java:121)
at Test.TestNGXML.main(TestNGXML.java:126)
... Removed 25 stack frames]]>
    </failure>
  </testcase> <!-- applyleave -->
</testsuite> <!-- Command line test c667258c-ecbb-48d8-a50f-867b6a65ad05 -->
