<?xml version="1.0" encoding="UTF-8"?>
<!-- Generated by org.testng.reporters.JUnitXMLReporter -->
<testsuite ignored="0" hostname="ZSCHN01LP0292" failures="1" tests="1" name="Command line test 42ca599b-0d3c-4ce1-baca-dbcef5c7c603" time="30.858" errors="0" timestamp="2022-11-09T12:35:44 IST">
  <testcase classname="Test.TestUserCreation" name="userCreation" time="18.953">
    <failure type="java.lang.AssertionError" message="Unable to locate the element">
      <![CDATA[java.lang.AssertionError: Unable to locate the element
at Pages.webAction.element(webAction.java:287)
at Pages.UserCreationandUserDelete.navigatetoAddUser(UserCreationandUserDelete.java:17)
at Pages.UserCreationandUserDelete.addUser(UserCreationandUserDelete.java:27)
at Test.TestUserCreation.userCreation(TestUserCreation.java:27)
at java.base/java.util.ArrayList.forEach(ArrayList.java:1511)
at Test.TestNGXML.xml(TestNGXML.java:121)
at Test.TestNGXML.main(TestNGXML.java:126)
... Removed 25 stack frames]]>
    </failure>
  </testcase> <!-- userCreation -->
</testsuite> <!-- Command line test 42ca599b-0d3c-4ce1-baca-dbcef5c7c603 -->
