<?xml version="1.0" encoding="UTF-8"?>
<!-- Generated by org.testng.reporters.JUnitXMLReporter -->
<testsuite ignored="0" hostname="ZSCHN01LP0295" failures="1" tests="1" name="Command line test 77fd0b49-9df1-4054-b1a1-c23ad534e828" time="49.904" errors="0" timestamp="2022-11-16T11:24:38 IST">
  <testcase classname="Test.leaveTest" name="applyleave" time="32.944">
    <failure type="java.lang.AssertionError" message="Unable to locate the element">
      <![CDATA[java.lang.AssertionError: Unable to locate the element
at Pages.webAction.element(webAction.java:327)
at Pages.leavepagee.applyLeave(leavepagee.java:44)
at Test.leaveTest.applyleave(leaveTest.java:17)
at java.base/java.util.ArrayList.forEach(ArrayList.java:1511)
at Test.TestNGXML.xml(TestNGXML.java:121)
at Test.TestNGXML.main(TestNGXML.java:126)
... Removed 25 stack frames]]>
    </failure>
  </testcase> <!-- applyleave -->
</testsuite> <!-- Command line test 77fd0b49-9df1-4054-b1a1-c23ad534e828 -->
