<?xml version="1.0" encoding="UTF-8"?>
<!-- Generated by org.testng.reporters.JUnitXMLReporter -->
<testsuite ignored="0" hostname="ZSCHN01LP0292" failures="1" tests="1" name="Command line test b8fafb19-bb51-4c2a-ad05-ef8d103166a6" time="19.408" errors="0" timestamp="2022-10-27T12:11:32 IST">
  <testcase classname="Test.TestUserCreation" name="userCreation" time="13.708">
    <failure type="java.lang.AssertionError" message="Unable to locate the element">
      <![CDATA[java.lang.AssertionError: Unable to locate the element
at Pages.webAction.element(webAction.java:287)
at Pages.webAction.loginToApplication(webAction.java:297)
at Test.TestUserCreation.userCreation(TestUserCreation.java:22)
at java.base/java.util.ArrayList.forEach(ArrayList.java:1511)
at Test.TestNGXML.xml(TestNGXML.java:121)
at Test.TestNGXML.main(TestNGXML.java:126)
... Removed 25 stack frames]]>
    </failure>
  </testcase> <!-- userCreation -->
</testsuite> <!-- Command line test b8fafb19-bb51-4c2a-ad05-ef8d103166a6 -->
