<?xml version="1.0" encoding="UTF-8"?>
<!-- Generated by org.testng.reporters.JUnitXMLReporter -->
<testsuite ignored="0" hostname="ZSCHN01LP0295" failures="1" tests="1" name="Command line test f5fbb7b7-3f5d-4c9a-8f69-070b7755666e" time="26.387" errors="0" timestamp="2022-11-22T22:49:40 IST">
  <testcase classname="Pages.webAction" name="@AfterClass logoutFromApplication" time="12.619">
    <failure type="java.lang.AssertionError" message="Unable to locate the element">
      <![CDATA[java.lang.AssertionError: Unable to locate the element
at Pages.webAction.element(webAction.java:331)
at Pages.webAction.logoutFromApplication(webAction.java:155)
at java.base/java.util.ArrayList.forEach(ArrayList.java:1511)
at Test.TestNGXML.xml(TestNGXML.java:121)
at Test.TestNGXML.main(TestNGXML.java:126)
... Removed 23 stack frames]]>
    </failure>
  </testcase> <!-- @AfterClass logoutFromApplication -->
  <testcase classname="Test.calenderTest" name="calender_test" time="9.787">
    <failure type="org.openqa.selenium.ElementClickInterceptedException" message="element click intercepted: Element &amp;lt;span tabindex=&amp;quot;0&amp;quot; role=&amp;quot;button&amp;quot; data-selenium=&amp;quot;calendar-next-month-button&amp;quot; aria-label=&amp;quot;Next Month&amp;quot; class=&amp;quot;DayPicker-NavButton DayPicker-NavButton--next  ficon ficon-18 ficon-edge-arrow-right&amp;quot;&amp;gt;&amp;lt;/span&amp;gt; is not clickable at point (820, 273). Other element would receive the click: &amp;lt;h1 class=&amp;quot;ab-message-header start-aligned&amp;quot; id=&amp;quot;cd7bc113-3513-98ee-e077-543041e96d29&amp;quot; style=&amp;quot;color: rgb(42, 42, 46);&amp;quot;&amp;gt;...&amp;lt;/h1&amp;gt;
  (Session info: chrome=107.0.5304.107)
Build info: version: &amp;apos;3.12.0&amp;apos;, revision: &amp;apos;7c6e0b3&amp;apos;, time: &amp;apos;2018-05-08T14:04:26.12Z&amp;apos;
System info: host: &amp;apos;ZSCHN01LP0295&amp;apos;, ip: &amp;apos;192.168.1.40&amp;apos;, os.name: &amp;apos;Windows 10&amp;apos;, os.arch: &amp;apos;amd64&amp;apos;, os.version: &amp;apos;10.0&amp;apos;, java.version: &amp;apos;17.0.4.1&amp;apos;
Driver info: org.openqa.selenium.chrome.ChromeDriver
Capabilities {acceptInsecureCerts: false, browserName: chrome, browserVersion: 107.0.5304.107, chrome: {chromedriverVersion: 106.0.5249.61 (511755355844..., userDataDir: C:\Users\INDHU~1.GUR\AppDat...}, goog:chromeOptions: {debuggerAddress: localhost:50692}, javascriptEnabled: true, networkConnectionEnabled: false, pageLoadStrategy: normal, platform: WINDOWS, platformName: WINDOWS, proxy: Proxy(), setWindowRect: true, strictFileInteractability: false, timeouts: {implicit: 0, pageLoad: 300000, script: 30000}, unhandledPromptBehavior: dismiss and notify, webauthn:extension:credBlob: true, webauthn:extension:largeBlob: true, webauthn:virtualAuthenticators: true}
Session ID: f593341ac6f8fbceb5fe483461247df3">
      <![CDATA[org.openqa.selenium.ElementClickInterceptedException: element click intercepted: Element <span tabindex="0" role="button" data-selenium="calendar-next-month-button" aria-label="Next Month" class="DayPicker-NavButton DayPicker-NavButton--next  ficon ficon-18 ficon-edge-arrow-right"></span> is not clickable at point (820, 273). Other element would receive the click: <h1 class="ab-message-header start-aligned" id="cd7bc113-3513-98ee-e077-543041e96d29" style="color: rgb(42, 42, 46);">...</h1>
  (Session info: chrome=107.0.5304.107)
Build info: version: '3.12.0', revision: '7c6e0b3', time: '2018-05-08T14:04:26.12Z'
System info: host: 'ZSCHN01LP0295', ip: '192.168.1.40', os.name: 'Windows 10', os.arch: 'amd64', os.version: '10.0', java.version: '17.0.4.1'
Driver info: org.openqa.selenium.chrome.ChromeDriver
Capabilities {acceptInsecureCerts: false, browserName: chrome, browserVersion: 107.0.5304.107, chrome: {chromedriverVersion: 106.0.5249.61 (511755355844..., userDataDir: C:\Users\INDHU~1.GUR\AppDat...}, goog:chromeOptions: {debuggerAddress: localhost:50692}, javascriptEnabled: true, networkConnectionEnabled: false, pageLoadStrategy: normal, platform: WINDOWS, platformName: WINDOWS, proxy: Proxy(), setWindowRect: true, strictFileInteractability: false, timeouts: {implicit: 0, pageLoad: 300000, script: 30000}, unhandledPromptBehavior: dismiss and notify, webauthn:extension:credBlob: true, webauthn:extension:largeBlob: true, webauthn:virtualAuthenticators: true}
Session ID: f593341ac6f8fbceb5fe483461247df3
at org.openqa.selenium.remote.http.W3CHttpResponseCodec.createException(W3CHttpResponseCodec.java:187)
at org.openqa.selenium.remote.http.W3CHttpResponseCodec.decode(W3CHttpResponseCodec.java:122)
at org.openqa.selenium.remote.http.W3CHttpResponseCodec.decode(W3CHttpResponseCodec.java:49)
at org.openqa.selenium.remote.HttpCommandExecutor.execute(HttpCommandExecutor.java:158)
at org.openqa.selenium.remote.service.DriverCommandExecutor.execute(DriverCommandExecutor.java:83)
at org.openqa.selenium.remote.RemoteWebDriver.execute(RemoteWebDriver.java:543)
at org.openqa.selenium.remote.RemoteWebElement.execute(RemoteWebElement.java:276)
at org.openqa.selenium.remote.RemoteWebElement.click(RemoteWebElement.java:83)
at Pages.CalenderHandling.calender(CalenderHandling.java:57)
at Test.calenderTest.calender_test(calenderTest.java:15)
at java.base/java.util.ArrayList.forEach(ArrayList.java:1511)
at Test.TestNGXML.xml(TestNGXML.java:121)
at Test.TestNGXML.main(TestNGXML.java:126)
... Removed 29 stack frames]]>
    </failure>
  </testcase> <!-- calender_test -->
</testsuite> <!-- Command line test f5fbb7b7-3f5d-4c9a-8f69-070b7755666e -->
