<?xml version="1.0" encoding="UTF-8"?>
<!-- Generated by org.testng.reporters.JUnitXMLReporter -->
<testsuite ignored="0" hostname="ZSCHN01LP0295" failures="1" tests="1" name="Command line test 831725cf-4a71-45fe-9aa0-1aa89c92a058" time="27.127" errors="0" timestamp="2022-11-22T22:17:13 IST">
  <testcase classname="Pages.webAction" name="@AfterClass logoutFromApplication" time="12.564">
    <failure type="java.lang.AssertionError" message="Unable to locate the element">
      <![CDATA[java.lang.AssertionError: Unable to locate the element
at Pages.webAction.element(webAction.java:331)
at Pages.webAction.logoutFromApplication(webAction.java:155)
at java.base/java.util.ArrayList.forEach(ArrayList.java:1511)
at Test.TestNGXML.xml(TestNGXML.java:121)
at Test.TestNGXML.main(TestNGXML.java:126)
... Removed 23 stack frames]]>
    </failure>
  </testcase> <!-- @AfterClass logoutFromApplication -->
  <testcase classname="Test.calenderTest" name="calender_test" time="10.254">
    <failure type="java.lang.AssertionError" message="Unable to locate the element">
      <![CDATA[java.lang.AssertionError: Unable to locate the element
at Pages.webAction.element(webAction.java:331)
at Pages.CalenderHandling.calender(CalenderHandling.java:28)
at Test.calenderTest.calender_test(calenderTest.java:15)
at java.base/java.util.ArrayList.forEach(ArrayList.java:1511)
at Test.TestNGXML.xml(TestNGXML.java:121)
at Test.TestNGXML.main(TestNGXML.java:126)
... Removed 25 stack frames]]>
    </failure>
  </testcase> <!-- calender_test -->
</testsuite> <!-- Command line test 831725cf-4a71-45fe-9aa0-1aa89c92a058 -->
