<?xml version="1.0" encoding="UTF-8"?>
<!-- Generated by org.testng.reporters.JUnitXMLReporter -->
<testsuite ignored="0" hostname="ZSCHN01LP0295" failures="1" tests="1" name="Command line test 07b3616e-99fc-47f5-8f18-aceefac3496c" time="81.185" errors="0" timestamp="2022-11-25T23:36:53 IST">
  <testcase classname="Pages.webAction" name="@AfterClass logoutFromApplication" time="12.977">
    <failure type="java.lang.AssertionError" message="Unable to locate the element">
      <![CDATA[java.lang.AssertionError: Unable to locate the element
at Pages.webAction.element(webAction.java:341)
at Pages.webAction.logoutFromApplication(webAction.java:161)
at java.base/java.util.ArrayList.forEach(ArrayList.java:1511)
at Test.TestNGXML.xml(TestNGXML.java:121)
at Test.TestNGXML.main(TestNGXML.java:126)
... Removed 23 stack frames]]>
    </failure>
  </testcase> <!-- @AfterClass logoutFromApplication -->
  <testcase classname="Test.calenderTest" name="calender_test" time="27.581">
    <failure type="java.lang.Error" message="Unresolved compilation problem: 
	The method log(Status, String) in the type ExtentTest is not applicable for the arguments (LogStatus, String)
">
      <![CDATA[java.lang.Error: Unresolved compilation problem: 
The method log(Status, String) in the type ExtentTest is not applicable for the arguments (LogStatus, String)

at Framework.Log.getReport(Log.java:30)
at Test.calenderTest.calender_test(calenderTest.java:16)
at java.base/java.util.ArrayList.forEach(ArrayList.java:1511)
at Test.TestNGXML.xml(TestNGXML.java:121)
at Test.TestNGXML.main(TestNGXML.java:126)
... Removed 24 stack frames]]>
    </failure>
  </testcase> <!-- calender_test -->
</testsuite> <!-- Command line test 07b3616e-99fc-47f5-8f18-aceefac3496c -->
