<?xml version="1.0" encoding="UTF-8"?>
<!-- Generated by org.testng.reporters.JUnitXMLReporter -->
<testsuite ignored="0" hostname="ZSCHN01LP0295" failures="0" tests="1" name="Command line test d6def1e3-cc79-411d-8a35-c34188d31408" time="86.632" errors="0" timestamp="2022-11-22T08:16:47 IST">
  <testcase classname="Pages.webAction" name="@AfterClass logoutFromApplication" time="12.202">
    <failure type="java.lang.AssertionError" message="Unable to locate the element">
      <![CDATA[java.lang.AssertionError: Unable to locate the element
at Pages.webAction.element(webAction.java:330)
at Pages.webAction.logoutFromApplication(webAction.java:154)
at java.base/java.util.ArrayList.forEach(ArrayList.java:1511)
at Test.TestNGXML.xml(TestNGXML.java:121)
at Test.TestNGXML.main(TestNGXML.java:126)
... Removed 23 stack frames]]>
    </failure>
  </testcase> <!-- @AfterClass logoutFromApplication -->
  <testcase classname="Test.calenderTest" name="calender_test" time="63.745"/>
</testsuite> <!-- Command line test d6def1e3-cc79-411d-8a35-c34188d31408 -->
