<?xml version="1.0" encoding="UTF-8"?>
<!-- Generated by org.testng.reporters.JUnitXMLReporter -->
<testsuite ignored="0" hostname="ZSCHN01LP0295" failures="0" tests="1" name="Command line test 692caa68-da92-40bd-b355-ab3a4dc6bf52" time="49.923" errors="0" timestamp="2022-11-15T15:14:33 IST">
  <testcase classname="Pages.webAction" name="@AfterClass logoutFromApplication" time="13.34">
    <failure type="java.lang.AssertionError" message="Unable to locate the element">
      <![CDATA[java.lang.AssertionError: Unable to locate the element
at Pages.webAction.element(webAction.java:327)
at Pages.webAction.logoutFromApplication(webAction.java:153)
at java.base/java.util.ArrayList.forEach(ArrayList.java:1511)
at Test.TestNGXML.xml(TestNGXML.java:121)
at Test.TestNGXML.main(TestNGXML.java:126)
... Removed 23 stack frames]]>
    </failure>
  </testcase> <!-- @AfterClass logoutFromApplication -->
  <testcase classname="Test.leaveTest" name="applyleave" time="21.723"/>
</testsuite> <!-- Command line test 692caa68-da92-40bd-b355-ab3a4dc6bf52 -->
