<?xml version="1.0" encoding="UTF-8"?>
<!-- Generated by org.testng.reporters.JUnitXMLReporter -->
<testsuite ignored="0" hostname="ZSCHN01LP0295" failures="1" tests="1" name="Command line test e69bb066-f2fd-4e1d-a560-5f6a7e8b58cd" time="33.842" errors="0" timestamp="2022-11-10T08:18:34 IST">
  <testcase classname="Test.leaveTest" name="applyleave" time="20.672">
    <failure type="java.lang.AssertionError" message="Unable to locate the element">
      <![CDATA[java.lang.AssertionError: Unable to locate the element
at Pages.webAction.element(webAction.java:314)
at Pages.LeavePage.sameDayLeave(LeavePage.java:51)
at Pages.LeavePage.applLeave(LeavePage.java:79)
at Test.leaveTest.applyleave(leaveTest.java:15)
at java.base/java.util.ArrayList.forEach(ArrayList.java:1511)
at Test.TestNGXML.xml(TestNGXML.java:121)
at Test.TestNGXML.main(TestNGXML.java:126)
... Removed 25 stack frames]]>
    </failure>
  </testcase> <!-- applyleave -->
</testsuite> <!-- Command line test e69bb066-f2fd-4e1d-a560-5f6a7e8b58cd -->
