<?xml version="1.0" encoding="UTF-8"?>
<!-- Generated by org.testng.reporters.JUnitXMLReporter -->
<testsuite ignored="0" hostname="ZSCHN01LP0295" failures="1" tests="1" name="Command line test b3e6eac0-c56c-4ebd-b79d-1904a8247562" time="41.157" errors="0" timestamp="2022-11-15T13:03:42 IST">
  <testcase classname="Test.leaveTest" name="applyleave" time="22.746">
    <failure type="java.lang.AssertionError" message="Unable to locate the element">
      <![CDATA[java.lang.AssertionError: Unable to locate the element
at Pages.webAction.element(webAction.java:327)
at Pages.leavepagee.applyLeave(leavepagee.java:43)
at Test.leaveTest.applyleave(leaveTest.java:16)
at java.base/java.util.ArrayList.forEach(ArrayList.java:1511)
at Test.TestNGXML.xml(TestNGXML.java:121)
at Test.TestNGXML.main(TestNGXML.java:126)
... Removed 25 stack frames]]>
    </failure>
  </testcase> <!-- applyleave -->
</testsuite> <!-- Command line test b3e6eac0-c56c-4ebd-b79d-1904a8247562 -->
