<?xml version="1.0" encoding="UTF-8"?>
<!-- Generated by org.testng.reporters.JUnitXMLReporter -->
<testsuite ignored="0" hostname="ZSCHN01LP0295" failures="1" tests="1" name="Command line test f466a701-7a0a-4dc6-853f-e6190258dbb1" time="37.343" errors="0" timestamp="2022-11-10T08:07:43 IST">
  <testcase classname="Test.leaveTest" name="applyleave" time="25.423">
    <failure type="java.lang.AssertionError" message="Unable to locate the element">
      <![CDATA[java.lang.AssertionError: Unable to locate the element
at Pages.webAction.element(webAction.java:314)
at Pages.LeavePage.applLeave(LeavePage.java:75)
at Test.leaveTest.applyleave(leaveTest.java:15)
at java.base/java.util.ArrayList.forEach(ArrayList.java:1511)
at Test.TestNGXML.xml(TestNGXML.java:121)
at Test.TestNGXML.main(TestNGXML.java:126)
... Removed 25 stack frames]]>
    </failure>
  </testcase> <!-- applyleave -->
</testsuite> <!-- Command line test f466a701-7a0a-4dc6-853f-e6190258dbb1 -->
