<?xml version="1.0" encoding="UTF-8"?>
<!-- Generated by org.testng.reporters.JUnitXMLReporter -->
<testsuite ignored="0" hostname="ZSCHN01LP0340" failures="1" tests="1" name="Command line test 7700c90a-8a8f-474d-a0f5-6e9694358934" time="10.275" errors="0" timestamp="2022-12-21T10:29:54 IST">
  <testcase classname="Pages.webAction" name="@AfterClass logoutFromApplication" time="2.072">
    <failure type="java.lang.Error" message="Unresolved compilation problem: 
	The constructor WebDriverWait(WebDriver, int) is undefined
">
      <![CDATA[java.lang.Error: Unresolved compilation problem: 
The constructor WebDriverWait(WebDriver, int) is undefined

at Pages.webAction.element(webAction.java:298)
at Pages.webAction.logoutFromApplication(webAction.java:161)
at java.base/java.util.ArrayList.forEach(ArrayList.java:1511)
at Test.TestNGXML.xml(TestNGXML.java:121)
at Test.TestNGXML.main(TestNGXML.java:126)
... Removed 22 stack frames]]>
    </failure>
  </testcase> <!-- @AfterClass logoutFromApplication -->
  <testcase classname="Test.EmployeeDownloadTest$TestUserCreation" name="userCreation" time="0.064">
    <failure type="java.lang.Error" message="Unresolved compilation problem: 
	The constructor WebDriverWait(WebDriver, int) is undefined
">
      <![CDATA[java.lang.Error: Unresolved compilation problem: 
The constructor WebDriverWait(WebDriver, int) is undefined

at Pages.webAction.element(webAction.java:298)
at Pages.webAction.loginToApplication(webAction.java:408)
at Test.EmployeeDownloadTest$TestUserCreation.userCreation(EmployeeDownloadTest.java:23)
at java.base/java.util.ArrayList.forEach(ArrayList.java:1511)
at Test.TestNGXML.xml(TestNGXML.java:121)
at Test.TestNGXML.main(TestNGXML.java:126)
... Removed 24 stack frames]]>
    </failure>
  </testcase> <!-- userCreation -->
</testsuite> <!-- Command line test 7700c90a-8a8f-474d-a0f5-6e9694358934 -->
