<?xml version="1.0" encoding="UTF-8"?>
<!-- Generated by org.testng.reporters.JUnitXMLReporter -->
<testsuite ignored="0" hostname="ZSCHN01LP0340" failures="1" tests="1" name="Command line test 3cb94d50-c67b-4d35-833f-365826d939e3" time="11.367" errors="0" timestamp="2022-12-21T10:29:33 IST">
  <testcase classname="Pages.webAction" name="@AfterClass logoutFromApplication" time="2.08">
    <failure type="java.lang.Error" message="Unresolved compilation problem: 
	The constructor WebDriverWait(WebDriver, int) is undefined
">
      <![CDATA[java.lang.Error: Unresolved compilation problem: 
The constructor WebDriverWait(WebDriver, int) is undefined

at Pages.webAction.element(webAction.java:298)
at Pages.webAction.logoutFromApplication(webAction.java:161)
at java.base/java.util.ArrayList.forEach(ArrayList.java:1511)
at Test.TestNGXML.xml(TestNGXML.java:121)
at Test.TestNGXML.main(TestNGXML.java:126)
... Removed 22 stack frames]]>
    </failure>
  </testcase> <!-- @AfterClass logoutFromApplication -->
  <testcase classname="Test.TestUserCreation" name="userCreation" time="0.075">
    <failure type="java.lang.Error" message="Unresolved compilation problem: 
	The constructor WebDriverWait(WebDriver, int) is undefined
">
      <![CDATA[java.lang.Error: Unresolved compilation problem: 
The constructor WebDriverWait(WebDriver, int) is undefined

at Pages.webAction.element(webAction.java:298)
at Pages.webAction.loginToApplication(webAction.java:408)
at Test.TestUserCreation.userCreation(TestUserCreation.java:24)
at java.base/java.util.ArrayList.forEach(ArrayList.java:1511)
at Test.TestNGXML.xml(TestNGXML.java:121)
at Test.TestNGXML.main(TestNGXML.java:126)
... Removed 24 stack frames]]>
    </failure>
  </testcase> <!-- userCreation -->
</testsuite> <!-- Command line test 3cb94d50-c67b-4d35-833f-365826d939e3 -->
