<?xml version="1.0" encoding="UTF-8"?>
<testsuite name="TestSuite" time="27.486" tests="38" errors="0" skipped="7" failures="3">
  <properties>
    <property name="java.runtime.name" value="Java(TM) SE Runtime Environment"/>
    <property name="sun.boot.library.path" value="C:\Program Files\Java\jdk1.8.0_191\jre\bin"/>
    <property name="java.vm.version" value="25.191-b12"/>
    <property name="java.vm.vendor" value="Oracle Corporation"/>
    <property name="maven.multiModuleProjectDirectory" value="F:\Workspace\DemoPOC_project\GitLab\logback"/>
    <property name="java.vendor.url" value="http://java.oracle.com/"/>
    <property name="path.separator" value=";"/>
    <property name="guice.disable.misplaced.annotation.check" value="true"/>
    <property name="java.vm.name" value="Java HotSpot(TM) 64-Bit Server VM"/>
    <property name="file.encoding.pkg" value="sun.io"/>
    <property name="user.script" value=""/>
    <property name="user.country" value="US"/>
    <property name="sun.java.launcher" value="SUN_STANDARD"/>
    <property name="sun.os.patch.level" value=""/>
    <property name="java.vm.specification.name" value="Java Virtual Machine Specification"/>
    <property name="user.dir" value="F:\Workspace\DemoPOC_project\GitLab\logback"/>
    <property name="java.runtime.version" value="1.8.0_191-b12"/>
    <property name="java.awt.graphicsenv" value="sun.awt.Win32GraphicsEnvironment"/>
    <property name="java.endorsed.dirs" value="C:\Program Files\Java\jdk1.8.0_191\jre\lib\endorsed"/>
    <property name="os.arch" value="amd64"/>
    <property name="java.io.tmpdir" value="C:\Users\AKILAS~1\AppData\Local\Temp\"/>
    <property name="line.separator" value="&#10;"/>
    <property name="java.vm.specification.vendor" value="Oracle Corporation"/>
    <property name="user.variant" value=""/>
    <property name="os.name" value="Windows 10"/>
    <property name="classworlds.conf" value="F:\Workspace\.metadata\.plugins\org.eclipse.m2e.launching\launches\m2conf8167637163873295206.tmp"/>
    <property name="sun.jnu.encoding" value="Cp1252"/>
    <property name="java.library.path" value="C:\Program Files\Java\jdk1.8.0_191\bin;C:\WINDOWS\Sun\Java\bin;C:\WINDOWS\system32;C:\WINDOWS;C:/Program Files/Java/jre1.8.0_191/bin/server;C:/Program Files/Java/jre1.8.0_191/bin;C:/Program Files/Java/jre1.8.0_191/lib/amd64;C:\Python27\;C:\Python27\Scripts;C:\Program Files (x86)\Python37-32;C:\Program Files (x86)\Common Files\Oracle\Java\javapath;C:\WINDOWS\system32;C:\WINDOWS;C:\WINDOWS\System32\Wbem;C:\WINDOWS\System32\WindowsPowerShell\v1.0\;C:\Program Files\Microsoft SQL Server\Client SDK\ODBC\110\Tools\Binn\;C:\Program Files (x86)\Microsoft SQL Server\120\Tools\Binn\;C:\Program Files\Microsoft SQL Server\120\Tools\Binn\;C:\Program Files\Microsoft SQL Server\120\DTS\Binn\;C:\Program Files (x86)\Microsoft SQL Server\Client SDK\ODBC\130\Tools\Binn\;C:\Program Files (x86)\Microsoft SQL Server\140\Tools\Binn\;C:\Program Files (x86)\Microsoft SQL Server\140\DTS\Binn\;C:\Program Files (x86)\Microsoft SQL Server\140\Tools\Binn\ManagementStudio\;C:\WINDOWS\System32\OpenSSH\;F:\Git\cmd;C:\Program Files (x86)\Python37-32\python.exe;C:\Program Files (x86)\Python37-32\Scripts;C:\Users\Akila Subramani\AppData\Local\Android\android-sdk\platform-tools;C:\Users\Akila Subramani\AppData\Local\Android\android-sdk\tools;C:\Users\Akila Subramani\AppData\Local\Android\android-sdk\build-tools;C:\Program Files\nodejs\;C:\ProgramData\chocolatey\bin;C:\Users\Akila Subramani\AppData\Local\Microsoft\WindowsApps;C:\Program Files\Java\jdk1.8.0_191\bin;C:\Users\Akila Subramani\AppData\Roaming\npm;C:\Users\Akila Subramani\eclipse\java-2018-09\eclipse;;."/>
    <property name="java.specification.name" value="Java Platform API Specification"/>
    <property name="java.class.version" value="52.0"/>
    <property name="sun.management.compiler" value="HotSpot 64-Bit Tiered Compilers"/>
    <property name="os.version" value="10.0"/>
    <property name="user.home" value="C:\Users\Akila Subramani"/>
    <property name="user.timezone" value="Asia/Calcutta"/>
    <property name="java.awt.printerjob" value="sun.awt.windows.WPrinterJob"/>
    <property name="java.specification.version" value="1.8"/>
    <property name="file.encoding" value="Cp1252"/>
    <property name="user.name" value="Akila Subramani"/>
    <property name="java.class.path" value="C:\Users\Akila Subramani\.p2\pool\plugins\org.eclipse.m2e.maven.runtime_1.9.1.20180912-1600\jars\plexus-classworlds-2.5.2.jar"/>
    <property name="java.vm.specification.version" value="1.8"/>
    <property name="sun.arch.data.model" value="64"/>
    <property name="java.home" value="C:\Program Files\Java\jdk1.8.0_191\jre"/>
    <property name="sun.java.command" value="org.codehaus.plexus.classworlds.launcher.Launcher -B test"/>
    <property name="java.specification.vendor" value="Oracle Corporation"/>
    <property name="user.language" value="en"/>
    <property name="awt.toolkit" value="sun.awt.windows.WToolkit"/>
    <property name="java.vm.info" value="mixed mode"/>
    <property name="java.version" value="1.8.0_191"/>
    <property name="java.ext.dirs" value="C:\Program Files\Java\jdk1.8.0_191\jre\lib\ext;C:\WINDOWS\Sun\Java\lib\ext"/>
    <property name="sun.boot.class.path" value="C:\Program Files\Java\jdk1.8.0_191\jre\lib\resources.jar;C:\Program Files\Java\jdk1.8.0_191\jre\lib\rt.jar;C:\Program Files\Java\jdk1.8.0_191\jre\lib\sunrsasign.jar;C:\Program Files\Java\jdk1.8.0_191\jre\lib\jsse.jar;C:\Program Files\Java\jdk1.8.0_191\jre\lib\jce.jar;C:\Program Files\Java\jdk1.8.0_191\jre\lib\charsets.jar;C:\Program Files\Java\jdk1.8.0_191\jre\lib\jfr.jar;C:\Program Files\Java\jdk1.8.0_191\jre\classes"/>
    <property name="java.vendor" value="Oracle Corporation"/>
    <property name="maven.home" value="F:\Workspace\DemoPOC_project\GitLab\logback\EMBEDDED"/>
    <property name="file.separator" value="\"/>
    <property name="java.vendor.url.bug" value="http://bugreport.sun.com/bugreport/"/>
    <property name="sun.cpu.endian" value="little"/>
    <property name="sun.io.unicode.encoding" value="UnicodeLittle"/>
    <property name="sun.desktop" value="windows"/>
    <property name="sun.cpu.isalist" value="amd64"/>
  </properties>
  <testcase name="noChancesBeforeClass" classname="com.epam.rp.tests.preconditions.FailedBeforesTest" time="2.015">
    <failure message="It was not so many chances, that this method pass expected [1] but found [17]" type="java.lang.AssertionError">java.lang.AssertionError: It was not so many chances, that this method pass expected [1] but found [17]
	at org.testng.Assert.fail(Assert.java:96)
	at org.testng.Assert.failNotEquals(Assert.java:776)
	at org.testng.Assert.assertEqualsImpl(Assert.java:137)
	at org.testng.Assert.assertEquals(Assert.java:118)
	at org.testng.Assert.assertEquals(Assert.java:652)
	at com.epam.rp.tests.preconditions.FailedBeforesTest.noChancesBeforeClass(FailedBeforesTest.java:23)
</failure>
    <system-out><![CDATA[12:10:58.325 WARN  c.e.r.t.BaseTestNGListener - main - WARNING! More than one ReportPortal listener is added
WARNING! More than one ReportPortal listener is added
[TestNG] [WARN] Ignoring duplicate listener : com.epam.reportportal.testng.ReportPortalTestNGListener
[TestNG] [WARN] Ignoring duplicate listener : com.epam.reportportal.testng.ReportPortalTestNGListener
12:10:58.335 WARN  c.e.r.t.BaseTestNGListener - main - WARNING! More than one ReportPortal listener is added
WARNING! More than one ReportPortal listener is added
[TestNG] [WARN] Ignoring duplicate listener : com.epam.reportportal.testng.ReportPortalTestNGListener
[TestNG] [WARN] Ignoring duplicate listener : com.epam.reportportal.testng.ReportPortalTestNGListener
12:10:58.335 WARN  c.e.r.t.BaseTestNGListener - main - WARNING! More than one ReportPortal listener is added
WARNING! More than one ReportPortal listener is added
[TestNG] [WARN] Ignoring duplicate listener : com.epam.reportportal.testng.ReportPortalTestNGListener
[TestNG] [WARN] Ignoring duplicate listener : com.epam.reportportal.testng.ReportPortalTestNGListener
12:10:58.335 WARN  c.e.r.t.BaseTestNGListener - main - WARNING! More than one ReportPortal listener is added
WARNING! More than one ReportPortal listener is added
[TestNG] [WARN] Ignoring duplicate listener : com.epam.reportportal.testng.ReportPortalTestNGListener
[TestNG] [WARN] Ignoring duplicate listener : com.epam.reportportal.testng.ReportPortalTestNGListener
12:10:59.190 INFO  c.e.r.s.Launch - main - Not rerun!
12:10:59.655 INFO  c.e.r.t.p.FailedBeforesTest - main - Are you lucky?
]]></system-out>
  </testcase>
  <testcase name="fiftyFiftyBeforeMethod" classname="com.epam.rp.tests.preconditions.FailedBeforesTest" time="0">
    <skipped/>
  </testcase>
  <testcase name="someSeriousTest1" classname="com.epam.rp.tests.preconditions.FailedBeforesTest" time="0">
    <skipped/>
  </testcase>
  <testcase name="someSeriousTest1" classname="com.epam.rp.tests.preconditions.FailedAftersTest" time="0.002">
    <failure message="expected [You asked me once,&quot; said O&apos;Brien, &quot;what was in Room 101. I told you that you knew the answer already. Everyone knows it. The thing that is in Room 101 is the worst thing in the world] but found [You asked me once,&quot; said O&apos;Brien, &quot;what was in Room 101. I told you that you knew the answer already. Everyone knows it. The thing that is in Room 101 is the worst thing in the world.]" type="java.lang.AssertionError">java.lang.AssertionError: expected [You asked me once," said O'Brien, "what was in Room 101. I told you that you knew the answer already. Everyone knows it. The thing that is in Room 101 is the worst thing in the world] but found [You asked me once," said O'Brien, "what was in Room 101. I told you that you knew the answer already. Everyone knows it. The thing that is in Room 101 is the worst thing in the world.]
	at org.testng.Assert.fail(Assert.java:96)
	at org.testng.Assert.failNotEquals(Assert.java:776)
	at org.testng.Assert.assertEqualsImpl(Assert.java:137)
	at org.testng.Assert.assertEquals(Assert.java:118)
	at org.testng.Assert.assertEquals(Assert.java:453)
	at org.testng.Assert.assertEquals(Assert.java:463)
	at com.epam.rp.tests.preconditions.FailedAftersTest.someSeriousTest1(FailedAftersTest.java:28)
</failure>
    <system-out><![CDATA[12:10:59.717 DEBUG c.e.r.u.SubscriptionUtils - RxComputationThreadPool-2 - Logging context completed
12:10:59.719 DEBUG c.e.r.u.SubscriptionUtils - RxComputationThreadPool-1 - Logging context completed
]]></system-out>
  </testcase>
  <testcase name="fiftyFiftyAfterMethod" classname="com.epam.rp.tests.preconditions.FailedAftersTest" time="0.003">
    <failure message="You are not lucky, man! expected [5] but found [4]" type="java.lang.AssertionError">java.lang.AssertionError: You are not lucky, man! expected [5] but found [4]
	at org.testng.Assert.fail(Assert.java:96)
	at org.testng.Assert.failNotEquals(Assert.java:776)
	at org.testng.Assert.assertEqualsImpl(Assert.java:137)
	at org.testng.Assert.assertEquals(Assert.java:118)
	at org.testng.Assert.assertEquals(Assert.java:652)
	at com.epam.rp.tests.preconditions.FailedAftersTest.fiftyFiftyAfterMethod(FailedAftersTest.java:22)
</failure>
  </testcase>
  <testcase name="someSeriousTest2" classname="com.epam.rp.tests.preconditions.FailedAftersTest" time="0">
    <skipped/>
  </testcase>
  <testcase name="fiftyFiftyAfterMethod" classname="com.epam.rp.tests.preconditions.FailedAftersTest" time="0">
    <skipped/>
    <system-out><![CDATA[12:10:59.727 DEBUG c.e.r.u.SubscriptionUtils - RxComputationThreadPool-1 - Logging context completed
]]></system-out>
  </testcase>
  <testcase name="someSeriousTest3" classname="com.epam.rp.tests.preconditions.FailedAftersTest" time="0">
    <skipped/>
    <system-out><![CDATA[12:10:59.728 DEBUG c.e.r.u.SubscriptionUtils - RxComputationThreadPool-3 - Logging context completed
]]></system-out>
  </testcase>
  <testcase name="fiftyFiftyAfterMethod" classname="com.epam.rp.tests.preconditions.FailedAftersTest" time="0">
    <skipped/>
    <system-out><![CDATA[12:10:59.728 DEBUG c.e.r.u.SubscriptionUtils - RxComputationThreadPool-4 - Logging context completed
]]></system-out>
  </testcase>
  <testcase name="noCnancesAfterClass" classname="com.epam.rp.tests.preconditions.FailedAftersTest" time="0">
    <skipped/>
    <system-out><![CDATA[12:10:59.729 DEBUG c.e.r.u.SubscriptionUtils - RxComputationThreadPool-2 - Logging context completed
]]></system-out>
  </testcase>
  <testcase name="testHigherBound" classname="com.epam.rp.tests.randomizer.TestRandomizerBoundaries" time="0.004"/>
  <testcase name="testHigherBoundExceeded" classname="com.epam.rp.tests.randomizer.TestRandomizerBoundaries" time="0.001"/>
  <testcase name="testLowerBound" classname="com.epam.rp.tests.randomizer.TestRandomizerBoundaries" time="0"/>
  <testcase name="testLowerBoundExceeded" classname="com.epam.rp.tests.randomizer.TestRandomizerBoundaries" time="0.001"/>
  <testcase name="testRandomizerGenerator" classname="com.epam.rp.tests.randomizer.TestRandomizer" time="0.001"/>
  <testcase name="testRandomizerNevenLies" classname="com.epam.rp.tests.randomizer.TestRandomizer" time="0.048"/>
  <testcase name="testRandomizerProbability" classname="com.epam.rp.tests.randomizer.TestRandomizer" time="0.038"/>
  <testcase name="testParams" classname="com.epam.rp.tests.parametrized.ParametrizedTest" time="5.004"/>
  <testcase name="testParams" classname="com.epam.rp.tests.parametrized.ParametrizedTest" time="5.007"/>
  <testcase name="testParams" classname="com.epam.rp.tests.parametrized.ParametrizedTest" time="5.012"/>
  <testcase name="testParams" classname="com.epam.rp.tests.parametrized.ParametrizedTest" time="5.014"/>
  <testcase name="logImageBase64" classname="com.epam.rp.tests.logging.LuckyPugTest" time="2.761"/>
  <testcase name="logXmlBase64" classname="com.epam.rp.tests.logging.XmlLoggingTest" time="0"/>
  <testcase name="logXmlFile" classname="com.epam.rp.tests.logging.XmlLoggingTest" time="0"/>
  <testcase name="logXmlBase64" classname="com.epam.rp.tests.logging.XmlLoggingBetterTest" time="0"/>
  <testcase name="logXmlFile" classname="com.epam.rp.tests.logging.XmlLoggingBetterTest" time="0"/>
  <testcase name="logJsonBase64" classname="com.epam.rp.tests.logging.JsonLoggingTest" time="0"/>
  <testcase name="logJsonFile" classname="com.epam.rp.tests.logging.JsonLoggingTest" time="2.497"/>
  <testcase name="logCmd" classname="com.epam.rp.tests.logging.LoggingTest" time="0.006"/>
  <testcase name="logCss" classname="com.epam.rp.tests.logging.LoggingTest" time="0.006"/>
  <testcase name="logCsv" classname="com.epam.rp.tests.logging.LoggingTest" time="0.007"/>
  <testcase name="logHar" classname="com.epam.rp.tests.logging.LoggingTest" time="0.006"/>
  <testcase name="logHtml" classname="com.epam.rp.tests.logging.LoggingTest" time="0.008"/>
  <testcase name="logJavascript" classname="com.epam.rp.tests.logging.LoggingTest" time="0.007"/>
  <testcase name="logPdf" classname="com.epam.rp.tests.logging.LoggingTest" time="0.013"/>
  <testcase name="logPhp" classname="com.epam.rp.tests.logging.LoggingTest" time="0.01"/>
  <testcase name="logPlain" classname="com.epam.rp.tests.logging.LoggingTest" time="0.009"/>
  <testcase name="logZip" classname="com.epam.rp.tests.logging.LoggingTest" time="0.006"/>
</testsuite>