<!DOCTYPE html PUBLIC "-//W3C//DTD XHTML 1.1//EN" "https://www.w3.org/TR/xhtml11/DTD/xhtml11.dtd">
<html xmlns="https://www.w3.org/1999/xhtml">
<head>
<meta http-equiv="content-type" content="text/html; charset=UTF-8"/>
<title>TestNG Report</title>
<style type="text/css">table {margin-bottom:10px;border-collapse:collapse;empty-cells:show}th,td {border:1px solid #009;padding:.25em .5em}th {vertical-align:bottom}td {vertical-align:top}table a {font-weight:bold}.stripe td {background-color: #E6EBF9}.num {text-align:right}.passedodd td {background-color: #3F3}.passedeven td {background-color: #0A0}.skippedodd td {background-color: #DDD}.skippedeven td {background-color: #CCC}.failedodd td,.attn {background-color: #F33}.failedeven td,.stripe .attn {background-color: #D00}.stacktrace {white-space:pre;font-family:monospace}.totop {font-size:85%;text-align:center;border-bottom:2px solid #000}.invisible {display:none}</style>
</head>
<body>
<table>
<tr><th>Test</th><th># Passed</th><th># Skipped</th><th># Retried</th><th># Failed</th><th>Time (ms)</th><th>Included Groups</th><th>Excluded Groups</th></tr>
<tr><th colspan="8">Default Suite</th></tr>
<tr><td><a href="#t0">Test.TestUserDelete_Chrome</a></td><td class="num">0</td><td class="num">0</td><td class="num">0</td><td class="num attn">1</td><td class="num">30,305</td><td></td><td></td></tr>
<tr class="stripe"><td><a href="#t1">Test.LoginTest_Chrome</a></td><td class="num">1</td><td class="num">0</td><td class="num">0</td><td class="num">0</td><td class="num">30,994</td><td></td><td></td></tr>
<tr><td><a href="#t2">Test.TestUserCreation_Chrome</a></td><td class="num">1</td><td class="num">0</td><td class="num">0</td><td class="num">0</td><td class="num">36,628</td><td></td><td></td></tr>
<tr class="stripe"><td><a href="#t3">Test.leaveTest_Chrome</a></td><td class="num">0</td><td class="num">0</td><td class="num">0</td><td class="num attn">1</td><td class="num">35,986</td><td></td><td></td></tr>
<tr><td><a href="#t4">Test.EmployeeDownloadTest_Chrome</a></td><td class="num">1</td><td class="num">0</td><td class="num">0</td><td class="num">0</td><td class="num">15,405</td><td></td><td></td></tr>
<tr><th>Total</th><th class="num">3</th><th class="num">0</th><th class="num">0</th><th class="num attn">2</th><th class="num">149,318</th><th colspan="2"></th></tr>
</table>
<table id='summary'><thead><tr><th>Class</th><th>Method</th><th>Start</th><th>Time (ms)</th></tr></thead><tbody><tr><th colspan="4">Default Suite</th></tr></tbody><tbody id="t0"><tr><th colspan="4">Test.TestUserDelete_Chrome &#8212; failed (configuration methods)</th></tr><tr class="failedeven"><td rowspan="1">Test.TestUserDelete</td><td><a href="#m0">logoutFromApplication</a></td><td rowspan="1">1672069190957</td><td rowspan="1">2082</td></tr><tr><th colspan="4">Test.TestUserDelete_Chrome &#8212; failed</th></tr><tr class="failedeven"><td rowspan="1">Test.TestUserDelete</td><td><a href="#m1">deleteUserfromList</a></td><td rowspan="1">1672069176697</td><td rowspan="1">13162</td></tr></tbody>
<tbody id="t1"><tr><th colspan="4">Test.LoginTest_Chrome &#8212; failed (configuration methods)</th></tr><tr class="failedeven"><td rowspan="1">Test.LoginTest</td><td><a href="#m2">logoutFromApplication</a></td><td rowspan="1">1672069222026</td><td rowspan="1">2046</td></tr><tr><th colspan="4">Test.LoginTest_Chrome &#8212; passed</th></tr><tr class="passedeven"><td rowspan="1">Test.LoginTest</td><td><a href="#m3">loginTest</a></td><td rowspan="1">1672069204084</td><td rowspan="1">17831</td></tr></tbody>
<tbody id="t2"><tr><th colspan="4">Test.TestUserCreation_Chrome &#8212; failed (configuration methods)</th></tr><tr class="failedeven"><td rowspan="1">Test.TestUserCreation</td><td><a href="#m4">logoutFromApplication</a></td><td rowspan="1">1672069258648</td><td rowspan="1">2076</td></tr><tr><th colspan="4">Test.TestUserCreation_Chrome &#8212; passed</th></tr><tr class="passedeven"><td rowspan="1">Test.TestUserCreation</td><td><a href="#m5">userCreation</a></td><td rowspan="1">1672069231645</td><td rowspan="1">26704</td></tr></tbody>
<tbody id="t3"><tr><th colspan="4">Test.leaveTest_Chrome &#8212; failed (configuration methods)</th></tr><tr class="failedeven"><td rowspan="1">Test.leaveTest</td><td><a href="#m6">logoutFromApplication</a></td><td rowspan="1">1672069294705</td><td rowspan="1">2027</td></tr><tr><th colspan="4">Test.leaveTest_Chrome &#8212; failed</th></tr><tr class="failedeven"><td rowspan="1">Test.leaveTest</td><td><a href="#m7">applyleave</a></td><td rowspan="1">1672069269157</td><td rowspan="1">25036</td></tr></tbody>
<tbody id="t4"><tr><th colspan="4">Test.EmployeeDownloadTest_Chrome &#8212; failed (configuration methods)</th></tr><tr class="failedeven"><td rowspan="1">Test.EmployeeDownloadTest$TestUserCreation</td><td><a href="#m8">logoutFromApplication</a></td><td rowspan="1">1672069310104</td><td rowspan="1">2046</td></tr><tr><th colspan="4">Test.EmployeeDownloadTest_Chrome &#8212; passed</th></tr><tr class="passedeven"><td rowspan="1">Test.EmployeeDownloadTest$TestUserCreation</td><td><a href="#m9">userCreation</a></td><td rowspan="1">1672069303864</td><td rowspan="1">5935</td></tr></tbody>
</table>
<h2>Test.TestUserDelete_Chrome</h2><h3 id="m0">Test.TestUserDelete#logoutFromApplication</h3><table class="result"><tr><th>Exception</th></tr><tr><td><div class="stacktrace">java.lang.AssertionError: Unable to logout from the application
	at Pages.webAction.logoutFromApplication(webAction.java:157)
	at java.base/java.util.ArrayList.forEach(ArrayList.java:1511)
	at Test.TestNGXML.xml(TestNGXML.java:116)
	at Test.TestNGXML.main(TestNGXML.java:121)
... Removed 23 stack frames</div></td></tr></table><p class="totop"><a href="#summary">back to summary</a></p>
<h3 id="m1">Test.TestUserDelete#deleteUserfromList</h3><table class="result"><tr><th>Exception</th></tr><tr><td><div class="stacktrace">java.lang.AssertionError: Unable to locate the element
	at Pages.webAction.element(webAction.java:332)
	at Pages.UserCreationandUserDelete.searchforUser(UserCreationandUserDelete.java:85)
	at Pages.UserCreationandUserDelete.validateUserCreation(UserCreationandUserDelete.java:95)
	at Test.TestUserDelete.deleteUserfromList(TestUserDelete.java:30)
	at java.base/java.util.ArrayList.forEach(ArrayList.java:1511)
	at Test.TestNGXML.xml(TestNGXML.java:116)
	at Test.TestNGXML.main(TestNGXML.java:121)
... Removed 25 stack frames</div></td></tr></table><p class="totop"><a href="#summary">back to summary</a></p>
<h2>Test.LoginTest_Chrome</h2><h3 id="m2">Test.LoginTest#logoutFromApplication</h3><table class="result"><tr><th>Exception</th></tr><tr><td><div class="stacktrace">java.lang.AssertionError: Unable to logout from the application
	at Pages.webAction.logoutFromApplication(webAction.java:157)
	at java.base/java.util.ArrayList.forEach(ArrayList.java:1511)
	at Test.TestNGXML.xml(TestNGXML.java:116)
	at Test.TestNGXML.main(TestNGXML.java:121)
... Removed 23 stack frames</div></td></tr></table><p class="totop"><a href="#summary">back to summary</a></p>
<h3 id="m3">Test.LoginTest#loginTest</h3><table class="result"><tr><th class="invisible"/></tr></table><p class="totop"><a href="#summary">back to summary</a></p>
<h2>Test.TestUserCreation_Chrome</h2><h3 id="m4">Test.TestUserCreation#logoutFromApplication</h3><table class="result"><tr><th>Exception</th></tr><tr><td><div class="stacktrace">java.lang.AssertionError: Unable to logout from the application
	at Pages.webAction.logoutFromApplication(webAction.java:157)
	at java.base/java.util.ArrayList.forEach(ArrayList.java:1511)
	at Test.TestNGXML.xml(TestNGXML.java:116)
	at Test.TestNGXML.main(TestNGXML.java:121)
... Removed 23 stack frames</div></td></tr></table><p class="totop"><a href="#summary">back to summary</a></p>
<h3 id="m5">Test.TestUserCreation#userCreation</h3><table class="result"><tr><th class="invisible"/></tr></table><p class="totop"><a href="#summary">back to summary</a></p>
<h2>Test.leaveTest_Chrome</h2><h3 id="m6">Test.leaveTest#logoutFromApplication</h3><table class="result"><tr><th>Exception</th></tr><tr><td><div class="stacktrace">java.lang.AssertionError: Unable to logout from the application
	at Pages.webAction.logoutFromApplication(webAction.java:157)
	at java.base/java.util.ArrayList.forEach(ArrayList.java:1511)
	at Test.TestNGXML.xml(TestNGXML.java:116)
	at Test.TestNGXML.main(TestNGXML.java:121)
... Removed 23 stack frames</div></td></tr></table><p class="totop"><a href="#summary">back to summary</a></p>
<h3 id="m7">Test.leaveTest#applyleave</h3><table class="result"><tr><th>Exception</th></tr><tr><td><div class="stacktrace">java.lang.AssertionError: Unable to locate the element
	at Pages.webAction.element(webAction.java:332)
	at Pages.leavepagee.applyLeave(leavepagee.java:62)
	at Test.leaveTest.applyleave(leaveTest.java:22)
	at java.base/java.util.ArrayList.forEach(ArrayList.java:1511)
	at Test.TestNGXML.xml(TestNGXML.java:116)
	at Test.TestNGXML.main(TestNGXML.java:121)
... Removed 25 stack frames</div></td></tr></table><p class="totop"><a href="#summary">back to summary</a></p>
<h2>Test.EmployeeDownloadTest_Chrome</h2><h3 id="m8">Test.EmployeeDownloadTest$TestUserCreation#logoutFromApplication</h3><table class="result"><tr><th>Exception</th></tr><tr><td><div class="stacktrace">java.lang.AssertionError: Unable to logout from the application
	at Pages.webAction.logoutFromApplication(webAction.java:157)
	at java.base/java.util.ArrayList.forEach(ArrayList.java:1511)
	at Test.TestNGXML.xml(TestNGXML.java:116)
	at Test.TestNGXML.main(TestNGXML.java:121)
... Removed 23 stack frames</div></td></tr></table><p class="totop"><a href="#summary">back to summary</a></p>
<h3 id="m9">Test.EmployeeDownloadTest$TestUserCreation#userCreation</h3><table class="result"><tr><th class="invisible"/></tr></table><p class="totop"><a href="#summary">back to summary</a></p>
</body>
</html>
